<?xml version="1.0" encoding="UTF-8"?>
<!-- Generated by org.testng.reporters.JUnitReportReporter -->
<testsuite hostname="DRjReegan" failures="0" tests="4" name="runner.CucumberRunner" time="59.230" errors="0" timestamp="2025-10-29T15:37:44 IST" skipped="0">
  <testcase classname="runner.CucumberRunner" name="runScenario" time="13.680"/>
  <testcase classname="runner.CucumberRunner" name="runScenario" time="12.195"/>
  <testcase classname="runner.CucumberRunner" name="runScenario" time="18.828"/>
  <testcase classname="runner.CucumberRunner" name="runScenario" time="14.527"/>
</testsuite> <!-- runner.CucumberRunner -->
