<?xml version="1.0" encoding="UTF-8"?>
<!-- Generated by org.testng.reporters.JUnitReportReporter -->
<testsuite hostname="DRjReegan" failures="0" tests="2" name="runner.CucumberRunner" time="42.515" errors="0" timestamp="2025-10-28T14:07:44 IST" skipped="0">
  <testcase classname="runner.CucumberRunner" name="runScenario" time="21.718"/>
  <testcase classname="runner.CucumberRunner" name="runScenario" time="20.797"/>
</testsuite> <!-- runner.CucumberRunner -->
